Using pre-set license
Built from '2022.3/staging' branch; Version is '2022.3.25f1 (530ae0ba3889) revision 5442272'; Using compiler version '192829333'; Build Type 'Release'
OS: 'Windows 10  (10.0.19045) 64bit Core' Language: 'pt' Physical Memory: 8064 MB
BatchMode: 1, IsHumanControllingUs: 0, StartBugReporterOnCrash: 0, Is64bit: 1, IsPro: 1

COMMAND LINE ARGUMENTS:
C:\Program Files\Unity\Hub\Editor\2022.3.25f1-x86_64\Editor\Unity.exe
-adb2
-batchMode
-noUpm
-name
AssetImportWorker0
-projectPath
C:/Users/alexm/My project/Blue-Gravity-s-Functional-Clothes-Shop/FunctionalClothesShop
-logFile
Logs/AssetImportWorker0.log
-srvPort
59698
Successfully changed project path to: C:/Users/alexm/My project/Blue-Gravity-s-Functional-Clothes-Shop/FunctionalClothesShop
C:/Users/alexm/My project/Blue-Gravity-s-Functional-Clothes-Shop/FunctionalClothesShop
[UnityMemory] Configuration Parameters - Can be set up in boot.config
    "memorysetup-bucket-allocator-granularity=16"
    "memorysetup-bucket-allocator-bucket-count=8"
    "memorysetup-bucket-allocator-block-size=33554432"
    "memorysetup-bucket-allocator-block-count=8"
    "memorysetup-main-allocator-block-size=16777216"
    "memorysetup-thread-allocator-block-size=16777216"
    "memorysetup-gfx-main-allocator-block-size=16777216"
    "memorysetup-gfx-thread-allocator-block-size=16777216"
    "memorysetup-cache-allocator-block-size=4194304"
    "memorysetup-typetree-allocator-block-size=2097152"
    "memorysetup-profiler-bucket-allocator-granularity=16"
    "memorysetup-profiler-bucket-allocator-bucket-count=8"
    "memorysetup-profiler-bucket-allocator-block-size=33554432"
    "memorysetup-profiler-bucket-allocator-block-count=8"
    "memorysetup-profiler-allocator-block-size=16777216"
    "memorysetup-profiler-editor-allocator-block-size=1048576"
    "memorysetup-temp-allocator-size-main=16777216"
    "memorysetup-job-temp-allocator-block-size=2097152"
    "memorysetup-job-temp-allocator-block-size-background=1048576"
    "memorysetup-job-temp-allocator-reduction-small-platforms=262144"
    "memorysetup-allocator-temp-initial-block-size-main=262144"
    "memorysetup-allocator-temp-initial-block-size-worker=262144"
    "memorysetup-temp-allocator-size-background-worker=32768"
    "memorysetup-temp-allocator-size-job-worker=262144"
    "memorysetup-temp-allocator-size-preload-manager=33554432"
    "memorysetup-temp-allocator-size-nav-mesh-worker=65536"
    "memorysetup-temp-allocator-size-audio-worker=65536"
    "memorysetup-temp-allocator-size-cloud-worker=32768"
    "memorysetup-temp-allocator-size-gi-baking-worker=262144"
    "memorysetup-temp-allocator-size-gfx=262144"
Player connection [3872] Host "[IP] 192.168.0.102 [Port] 0 [Flags] 2 [Guid] 502272333 [EditorId] 502272333 [Version] 1048832 [Id] WindowsEditor(7,DESKTOP-V718RIR) [Debug] 1 [PackageName] WindowsEditor [ProjectName] Editor" joined multi-casting on [225.0.0.222:54997]...

Player connection [3872] Host "[IP] 192.168.0.102 [Port] 0 [Flags] 2 [Guid] 502272333 [EditorId] 502272333 [Version] 1048832 [Id] WindowsEditor(7,DESKTOP-V718RIR) [Debug] 1 [PackageName] WindowsEditor [ProjectName] Editor" joined alternative multi-casting on [225.0.0.222:34997]...

[Physics::Module] Initialized MultithreadedJobDispatcher with 5 workers.
Refreshing native plugins compatible for Editor in 17.53 ms, found 4 plugins.
Preloading 0 native plugins for Editor in 0.00 ms.
Initialize engine version: 2022.3.25f1 (530ae0ba3889)
[Subsystems] Discovering subsystems at path C:/Program Files/Unity/Hub/Editor/2022.3.25f1-x86_64/Editor/Data/Resources/UnitySubsystems
[Subsystems] Discovering subsystems at path C:/Users/alexm/My project/Blue-Gravity-s-Functional-Clothes-Shop/FunctionalClothesShop/Assets
GfxDevice: creating device client; threaded=0; jobified=0
Direct3D:
    Version:  Direct3D 11.0 [level 11.1]
    Renderer: Intel(R) UHD Graphics 630 (ID=0x3e92)
    Vendor:   Intel
    VRAM:     4032 MB
    Driver:   26.20.100.7642
Initialize mono
Mono path[0] = 'C:/Program Files/Unity/Hub/Editor/2022.3.25f1-x86_64/Editor/Data/Managed'
Mono path[1] = 'C:/Program Files/Unity/Hub/Editor/2022.3.25f1-x86_64/Editor/Data/MonoBleedingEdge/lib/mono/unityjit-win32'
Mono config path = 'C:/Program Files/Unity/Hub/Editor/2022.3.25f1-x86_64/Editor/Data/MonoBleedingEdge/etc'
Using monoOptions --debugger-agent=transport=dt_socket,embedding=1,server=y,suspend=n,address=127.0.0.1:56200
Begin MonoManager ReloadAssembly
Registering precompiled unity dll's ...
Register platform support module: C:/Program Files/Unity/Hub/Editor/2022.3.25f1-x86_64/Editor/Data/PlaybackEngines/MacStandaloneSupport/UnityEditor.OSXStandalone.Extensions.dll
Register platform support module: C:/Program Files/Unity/Hub/Editor/2022.3.25f1-x86_64/Editor/Data/PlaybackEngines/AndroidPlayer/UnityEditor.Android.Extensions.dll
Register platform support module: C:/Program Files/Unity/Hub/Editor/2022.3.25f1-x86_64/Editor/Data/PlaybackEngines/iOSSupport/UnityEditor.iOS.Extensions.dll
Register platform support module: C:/Program Files/Unity/Hub/Editor/2022.3.25f1-x86_64/Editor/Data/PlaybackEngines/WindowsStandaloneSupport/UnityEditor.WindowsStandalone.Extensions.dll
Registered in 0.021469 seconds.
- Loaded All Assemblies, in  0.424 seconds
Native extension for WindowsStandalone target not found
[usbmuxd] Start listen thread
[usbmuxd] Listen thread started
Native extension for iOS target not found
Native extension for Android target not found
Android Extension - Scanning For ADB Devices 265 ms
Native extension for OSXStandalone target not found
Mono: successfully reloaded assembly
- Finished resetting the current domain, in  0.631 seconds
Domain Reload Profiling: 1052ms
	BeginReloadAssembly (133ms)
		ExecutionOrderSort (0ms)
		DisableScriptedObjects (0ms)
		BackupInstance (0ms)
		ReleaseScriptingObjects (0ms)
		CreateAndSetChildDomain (1ms)
	RebuildCommonClasses (37ms)
	RebuildNativeTypeToScriptingClass (12ms)
	initialDomainReloadingComplete (80ms)
	LoadAllAssembliesAndSetupDomain (159ms)
		LoadAssemblies (131ms)
		RebuildTransferFunctionScriptingTraits (0ms)
		AnalyzeDomain (156ms)
			TypeCache.Refresh (154ms)
				TypeCache.ScanAssembly (139ms)
			ScanForSourceGeneratedMonoScriptInfo (0ms)
			ResolveRequiredComponents (1ms)
	FinalizeReload (632ms)
		ReleaseScriptCaches (0ms)
		RebuildScriptCaches (0ms)
		SetupLoadedEditorAssemblies (571ms)
			LogAssemblyErrors (0ms)
			InitializePlatformSupportModulesInManaged (404ms)
			SetLoadedEditorAssemblies (4ms)
			RefreshPlugins (0ms)
			BeforeProcessingInitializeOnLoad (2ms)
			ProcessInitializeOnLoadAttributes (113ms)
			ProcessInitializeOnLoadMethodAttributes (48ms)
			AfterProcessingInitializeOnLoad (0ms)
			EditorAssembliesLoaded (0ms)
		ExecutionOrderSort2 (0ms)
		AwakeInstancesAfterBackupRestoration (0ms)
========================================================================
Worker process is ready to serve import requests
Begin MonoManager ReloadAssembly
- Loaded All Assemblies, in  0.790 seconds
Refreshing native plugins compatible for Editor in 7.24 ms, found 4 plugins.
Native extension for WindowsStandalone target not found
Native extension for iOS target not found
Native extension for Android target not found
Native extension for OSXStandalone target not found
Package Manager log level set to [2]
[Package Manager] Server::EnsureServerProcessIsRunning -- launch failed, reason: Unity was launched with the -noUpm command-line argument
[Package Manager] UpmClient::Send -- Unable to send message (not connected to UPM process).
[Package Manager] Cannot connect to Unity Package Manager local server
Mono: successfully reloaded assembly
- Finished resetting the current domain, in  0.692 seconds
Domain Reload Profiling: 1475ms
	BeginReloadAssembly (159ms)
		ExecutionOrderSort (0ms)
		DisableScriptedObjects (5ms)
		BackupInstance (0ms)
		ReleaseScriptingObjects (0ms)
		CreateAndSetChildDomain (21ms)
	RebuildCommonClasses (35ms)
	RebuildNativeTypeToScriptingClass (11ms)
	initialDomainReloadingComplete (50ms)
	LoadAllAssembliesAndSetupDomain (527ms)
		LoadAssemblies (402ms)
		RebuildTransferFunctionScriptingTraits (0ms)
		AnalyzeDomain (224ms)
			TypeCache.Refresh (195ms)
				TypeCache.ScanAssembly (174ms)
			ScanForSourceGeneratedMonoScriptInfo (22ms)
			ResolveRequiredComponents (6ms)
	FinalizeReload (692ms)
		ReleaseScriptCaches (0ms)
		RebuildScriptCaches (0ms)
		SetupLoadedEditorAssemblies (521ms)
			LogAssemblyErrors (0ms)
			InitializePlatformSupportModulesInManaged (53ms)
			SetLoadedEditorAssemblies (4ms)
			RefreshPlugins (0ms)
			BeforeProcessingInitializeOnLoad (81ms)
			ProcessInitializeOnLoadAttributes (331ms)
			ProcessInitializeOnLoadMethodAttributes (40ms)
			AfterProcessingInitializeOnLoad (12ms)
			EditorAssembliesLoaded (0ms)
		ExecutionOrderSort2 (0ms)
		AwakeInstancesAfterBackupRestoration (6ms)
Launched and connected shader compiler UnityShaderCompiler.exe after 0.05 seconds
Refreshing native plugins compatible for Editor in 7.20 ms, found 4 plugins.
Preloading 0 native plugins for Editor in 0.00 ms.
Unloading 4034 Unused Serialized files (Serialized files now loaded: 0)
Unloading 70 unused Assets / (244.6 KB). Loaded Objects now: 4492.
Memory consumption went from 148.9 MB to 148.6 MB.
Total: 3.471000 ms (FindLiveObjects: 0.302300 ms CreateObjectMapping: 0.196000 ms MarkObjects: 2.774600 ms  DeleteObjects: 0.197200 ms)

AssetImportParameters requested are different than current active one (requested -> active):
  custom:container-demuxer-ogg: 62fdf1f143b41e24485cea50d1cbac27 -> 
  custom:video-decoder-ogg-theora: a1e56fd34408186e4bbccfd4996cb3dc -> 
  custom:framework-win-MediaFoundation: 216162199b28c13a410421893ffa2e32 -> 
  custom:CustomObjectIndexerAttribute: 9a22284fe3817be447336de3de66b15e -> 
  custom:container-demuxer-webm: 4f35f7cbe854078d1ac9338744f61a02 -> 
  custom:container-muxer-webm: aa71ff27fc2769a1b78a27578f13a17b -> 
  custom:video-decoder-webm-vp8: 9c59270c3fd7afecdb556c50c9e8de78 -> 
  custom:SearchIndexIgnoredProperties: e643bd26f0fe6173181afceb89e7c659 -> 
  custom:AudioImporter_EditorPlatform: d09bf68614088b80899f8185d706f6e7 -> 
  custom:video-encoder-webm-vp8: eb34c28f22e8b96e1ab97ce403110664 -> 
  custom:audio-decoder-ogg-vorbis: bf7c407c2cedff20999df2af8eb42d56 -> 
  custom:audio-encoder-webm-vorbis: bf7c407c2cedff20999df2af8eb42d56 -> 
========================================================================
Received Import Request.
  Time since last request: 2731.709188 seconds.
  path: Assets
  artifactKey: Guid(00000000000000001000000000000000) Importer(815301076,1909f56bfc062723c751e8b465ee728b)
Start importing Assets using Guid(00000000000000001000000000000000) Importer(815301076,1909f56bfc062723c751e8b465ee728b)  -> (artifact id: '8a4fe85251aa2e89732c359432baa2c3') in 0.002101 seconds
Number of updated asset objects reloaded before import = 0
Number of asset objects unloaded after import = 0
========================================================================
Received Import Request.
  Time since last request: 0.610068 seconds.
  path: Assets/Scripts
  artifactKey: Guid(7b8bc70e209eb2d4cbfbe819161eb58b) Importer(815301076,1909f56bfc062723c751e8b465ee728b)
Start importing Assets/Scripts using Guid(7b8bc70e209eb2d4cbfbe819161eb58b) Importer(815301076,1909f56bfc062723c751e8b465ee728b)  -> (artifact id: '6334cc947fbf43432a4e44022db5fa5c') in 0.001510 seconds
Number of updated asset objects reloaded before import = 0
Number of asset objects unloaded after import = 0
========================================================================
Received Import Request.
  Time since last request: 4.770773 seconds.
  path: Assets/Assets
  artifactKey: Guid(29ffd1a6361039e44be2cacb2735563e) Importer(815301076,1909f56bfc062723c751e8b465ee728b)
Start importing Assets/Assets using Guid(29ffd1a6361039e44be2cacb2735563e) Importer(815301076,1909f56bfc062723c751e8b465ee728b)  -> (artifact id: 'a4992386c9a71450d9b49420812b12b9') in 0.000820 seconds
Number of updated asset objects reloaded before import = 0
Number of asset objects unloaded after import = 0
========================================================================
Received Import Request.
  Time since last request: 24.643729 seconds.
  path: Assets/Assets/char_a_p1
  artifactKey: Guid(7b816f2a7c255994eb9eaf664b3d1024) Importer(815301076,1909f56bfc062723c751e8b465ee728b)
Start importing Assets/Assets/char_a_p1 using Guid(7b816f2a7c255994eb9eaf664b3d1024) Importer(815301076,1909f56bfc062723c751e8b465ee728b)  -> (artifact id: '4f593c68c014415b7678ea01b1cce6bd') in 0.000730 seconds
Number of updated asset objects reloaded before import = 0
Number of asset objects unloaded after import = 0
========================================================================
Received Import Request.
  Time since last request: 5.290976 seconds.
  path: Assets/Assets/FREE Mana Seed Character Base Demo
  artifactKey: Guid(5bad1e07803cf46479e20ef3c5b68116) Importer(815301076,1909f56bfc062723c751e8b465ee728b)
Start importing Assets/Assets/FREE Mana Seed Character Base Demo using Guid(5bad1e07803cf46479e20ef3c5b68116) Importer(815301076,1909f56bfc062723c751e8b465ee728b)  -> (artifact id: '0f52f150ee4566e30c41b34f6a52579e') in 0.000646 seconds
Number of updated asset objects reloaded before import = 0
Number of asset objects unloaded after import = 0
========================================================================
Received Import Request.
  Time since last request: 0.947479 seconds.
  path: Assets/Assets/guides
  artifactKey: Guid(24061a80f08eed84abf1570e01d41620) Importer(815301076,1909f56bfc062723c751e8b465ee728b)
Start importing Assets/Assets/guides using Guid(24061a80f08eed84abf1570e01d41620) Importer(815301076,1909f56bfc062723c751e8b465ee728b)  -> (artifact id: '710c135a174faf28201e73753b63ec2f') in 0.000590 seconds
Number of updated asset objects reloaded before import = 0
Number of asset objects unloaded after import = 0
========================================================================
Received Import Request.
  Time since last request: 18.829747 seconds.
  path: Assets/Assets/Modern_Interiors_Free_v2.2
  artifactKey: Guid(d83834eeb82e245448a303f75b841403) Importer(815301076,1909f56bfc062723c751e8b465ee728b)
Start importing Assets/Assets/Modern_Interiors_Free_v2.2 using Guid(d83834eeb82e245448a303f75b841403) Importer(815301076,1909f56bfc062723c751e8b465ee728b)  -> (artifact id: '7ac7c8778be403c900b0d27b16c005d2') in 0.000719 seconds
Number of updated asset objects reloaded before import = 0
Number of asset objects unloaded after import = 0
========================================================================
Received Import Request.
  Time since last request: 42.182168 seconds.
  path: Assets/Assets/Minimal Pixel
  artifactKey: Guid(71032f6fe56ddeb46abc4c2a2c8a392a) Importer(815301076,1909f56bfc062723c751e8b465ee728b)
Start importing Assets/Assets/Minimal Pixel using Guid(71032f6fe56ddeb46abc4c2a2c8a392a) Importer(815301076,1909f56bfc062723c751e8b465ee728b)  -> (artifact id: '212ec9a53a75ffd8550ad95f6d777a72') in 0.000870 seconds
Number of updated asset objects reloaded before import = 0
Number of asset objects unloaded after import = 0
========================================================================
Received Import Request.
  Time since last request: 31.700653 seconds.
  path: Assets/External Assets
  artifactKey: Guid(29ffd1a6361039e44be2cacb2735563e) Importer(815301076,1909f56bfc062723c751e8b465ee728b)
Start importing Assets/External Assets using Guid(29ffd1a6361039e44be2cacb2735563e) Importer(815301076,1909f56bfc062723c751e8b465ee728b)  -> (artifact id: '526e49fac5fbe64091b30e98393066d5') in 0.000688 seconds
Number of updated asset objects reloaded before import = 0
Number of asset objects unloaded after import = 0
========================================================================
Received Import Request.
  Time since last request: 173.875547 seconds.
  path: Assets/Scenes
  artifactKey: Guid(1bc066a0f94b7c04381ccf7065cc2c2e) Importer(815301076,1909f56bfc062723c751e8b465ee728b)
Start importing Assets/Scenes using Guid(1bc066a0f94b7c04381ccf7065cc2c2e) Importer(815301076,1909f56bfc062723c751e8b465ee728b)  -> (artifact id: '198a77d7fce9a9aa0afdf64cfd59284e') in 0.000764 seconds
Number of updated asset objects reloaded before import = 0
Number of asset objects unloaded after import = 0
========================================================================
Received Import Request.
  Time since last request: 5.846144 seconds.
  path: Assets/External Assets/Modern_Interiors_Free_v2.2/48x48
  artifactKey: Guid(ce7fac601d71590478a2b141e360cbc7) Importer(815301076,1909f56bfc062723c751e8b465ee728b)
Start importing Assets/External Assets/Modern_Interiors_Free_v2.2/48x48 using Guid(ce7fac601d71590478a2b141e360cbc7) Importer(815301076,1909f56bfc062723c751e8b465ee728b)  -> (artifact id: '09a970cf423a79d14d3c05efd80a142d') in 0.001296 seconds
Number of updated asset objects reloaded before import = 0
Number of asset objects unloaded after import = 0
========================================================================
Received Import Request.
  Time since last request: 4.165469 seconds.
  path: Assets/External Assets/Modern_Interiors_Free_v2.2/48x48/Room_Builder_free_48x48.png
  artifactKey: Guid(e03081b562718234aab0cb343b85cef3) Importer(815301076,1909f56bfc062723c751e8b465ee728b)
Start importing Assets/External Assets/Modern_Interiors_Free_v2.2/48x48/Room_Builder_free_48x48.png using Guid(e03081b562718234aab0cb343b85cef3) Importer(815301076,1909f56bfc062723c751e8b465ee728b)  -> (artifact id: '64a5a100ebc8cf943e42d925c542e60b') in 0.077790 seconds
Number of updated asset objects reloaded before import = 0
Number of asset objects unloaded after import = 3
========================================================================
Received Import Request.
  Time since last request: 27.783355 seconds.
  path: Assets/External Assets/Modern_Interiors_Free_v2.2/48x48/Room_Builder_free_48x48.png
  artifactKey: Guid(e03081b562718234aab0cb343b85cef3) Importer(815301076,1909f56bfc062723c751e8b465ee728b)
Start importing Assets/External Assets/Modern_Interiors_Free_v2.2/48x48/Room_Builder_free_48x48.png using Guid(e03081b562718234aab0cb343b85cef3) Importer(815301076,1909f56bfc062723c751e8b465ee728b)  -> (artifact id: 'acf56a1362ab487466d01c44d906991d') in 0.015160 seconds
Number of updated asset objects reloaded before import = 0
Number of asset objects unloaded after import = 2
========================================================================
Received Import Request.
  Time since last request: 73.397775 seconds.
  path: Assets/External Assets/Modern_Interiors_Free_v2.2/48x48/Room_Builder_free_48x48.png
  artifactKey: Guid(e03081b562718234aab0cb343b85cef3) Importer(815301076,1909f56bfc062723c751e8b465ee728b)
Start importing Assets/External Assets/Modern_Interiors_Free_v2.2/48x48/Room_Builder_free_48x48.png using Guid(e03081b562718234aab0cb343b85cef3) Importer(815301076,1909f56bfc062723c751e8b465ee728b)  -> (artifact id: 'd3affe547a5ee033e612c5a64d43812e') in 0.017588 seconds
Number of updated asset objects reloaded before import = 0
Number of asset objects unloaded after import = 3
========================================================================
Received Import Request.
  Time since last request: 432.162103 seconds.
  path: Assets/External Assets/Modern_Interiors_Free_v2.2/48x48/Interiors_free_48x48.png
  artifactKey: Guid(cb35646c55ae97940aefc6803b71d669) Importer(815301076,1909f56bfc062723c751e8b465ee728b)
Start importing Assets/External Assets/Modern_Interiors_Free_v2.2/48x48/Interiors_free_48x48.png using Guid(cb35646c55ae97940aefc6803b71d669) Importer(815301076,1909f56bfc062723c751e8b465ee728b)  -> (artifact id: 'e843c15e915e9ad8111d8aaeadcf697c') in 0.055841 seconds
Number of updated asset objects reloaded before import = 0
Number of asset objects unloaded after import = 3
========================================================================
Received Import Request.
  Time since last request: 8.109282 seconds.
  path: Assets/External Assets/Modern_Interiors_Free_v2.2/48x48/Interiors_free_48x48.png
  artifactKey: Guid(cb35646c55ae97940aefc6803b71d669) Importer(815301076,1909f56bfc062723c751e8b465ee728b)
Start importing Assets/External Assets/Modern_Interiors_Free_v2.2/48x48/Interiors_free_48x48.png using Guid(cb35646c55ae97940aefc6803b71d669) Importer(815301076,1909f56bfc062723c751e8b465ee728b)  -> (artifact id: 'e6050f895301580f4c2a7bdff00e3530') in 0.015703 seconds
Number of updated asset objects reloaded before import = 0
Number of asset objects unloaded after import = 2
========================================================================
Received Import Request.
  Time since last request: 32.922914 seconds.
  path: Assets/External Assets/Modern_Interiors_Free_v2.2/48x48/Interiors_free_48x48.png
  artifactKey: Guid(cb35646c55ae97940aefc6803b71d669) Importer(815301076,1909f56bfc062723c751e8b465ee728b)
Start importing Assets/External Assets/Modern_Interiors_Free_v2.2/48x48/Interiors_free_48x48.png using Guid(cb35646c55ae97940aefc6803b71d669) Importer(815301076,1909f56bfc062723c751e8b465ee728b)  -> (artifact id: 'b21d229bcc12ff2f0e2839edd1474fd9') in 0.018720 seconds
Number of updated asset objects reloaded before import = 0
Number of asset objects unloaded after import = 2
========================================================================
Received Import Request.
  Time since last request: 566.891564 seconds.
  path: Assets/External Assets/Modern_Interiors_Free_v2.2/48x48/Room_Builder_free_48x48.png
  artifactKey: Guid(e03081b562718234aab0cb343b85cef3) Importer(815301076,1909f56bfc062723c751e8b465ee728b)
Start importing Assets/External Assets/Modern_Interiors_Free_v2.2/48x48/Room_Builder_free_48x48.png using Guid(e03081b562718234aab0cb343b85cef3) Importer(815301076,1909f56bfc062723c751e8b465ee728b)  -> (artifact id: '4f612fcce6cc615916f546b747fbf09c') in 0.029882 seconds
Number of updated asset objects reloaded before import = 0
Number of asset objects unloaded after import = 6
========================================================================
Received Import Request.
  Time since last request: 68.163144 seconds.
  path: Assets/External Assets/Modern_Interiors_Free_v2.2/48x48/Room_Builder_free_48x48.png
  artifactKey: Guid(e03081b562718234aab0cb343b85cef3) Importer(815301076,1909f56bfc062723c751e8b465ee728b)
Start importing Assets/External Assets/Modern_Interiors_Free_v2.2/48x48/Room_Builder_free_48x48.png using Guid(e03081b562718234aab0cb343b85cef3) Importer(815301076,1909f56bfc062723c751e8b465ee728b)  -> (artifact id: 'fb105fb8fb18b5d372a0d7cf6343d76e') in 0.025645 seconds
Number of updated asset objects reloaded before import = 0
Number of asset objects unloaded after import = 6
========================================================================
Received Import Request.
  Time since last request: 813.630550 seconds.
  path: Assets/External Assets/Modern_Interiors_Free_v2.2/48x48/Interiors_free_48x48.png
  artifactKey: Guid(cb35646c55ae97940aefc6803b71d669) Importer(815301076,1909f56bfc062723c751e8b465ee728b)
Start importing Assets/External Assets/Modern_Interiors_Free_v2.2/48x48/Interiors_free_48x48.png using Guid(cb35646c55ae97940aefc6803b71d669) Importer(815301076,1909f56bfc062723c751e8b465ee728b)  -> (artifact id: 'b7e2f84e48a6193e1340b86bfef7e013') in 0.148430 seconds
Number of updated asset objects reloaded before import = 0
Number of asset objects unloaded after import = 17
========================================================================
Received Import Request.
  Time since last request: 295.856908 seconds.
  path: Assets/External Assets/Modern_Interiors_Free_v2.2/48x48/Room_Builder_free_48x48.png
  artifactKey: Guid(e03081b562718234aab0cb343b85cef3) Importer(815301076,1909f56bfc062723c751e8b465ee728b)
Start importing Assets/External Assets/Modern_Interiors_Free_v2.2/48x48/Room_Builder_free_48x48.png using Guid(e03081b562718234aab0cb343b85cef3) Importer(815301076,1909f56bfc062723c751e8b465ee728b)  -> (artifact id: 'e664646fd7bf664090a9eb15690761f0') in 0.029162 seconds
Number of updated asset objects reloaded before import = 0
Number of asset objects unloaded after import = 6
